2024-11-21T09:35:23.664Z [INFO]: Sunucu 3000 portunda çalışıyor.
2024-11-21T09:35:23.707Z [INFO]: MongoDB bağlantısı başarılı!
2024-11-21T09:36:35.296Z [INFO]: API Request - Method: GET, URL: /api/users, Body: {}
2024-11-21T09:38:51.454Z [INFO]: Sunucu kapatılıyor...
2024-11-21T09:48:48.840Z [INFO]: Sunucu 3000 portunda çalışıyor.
2024-11-21T09:48:48.865Z [INFO]: MongoDB bağlantısı başarılı!
2024-11-21T09:49:06.519Z [INFO]: API Request - Method: POST, URL: /api/auth/login, Body: {"email":"adminexample.com","password":"adminpassword"}
2024-11-21T09:49:31.913Z [INFO]: API Request - Method: POST, URL: /api/auth/login/user, Body: {"email":"admin@example.com","password":"adminpassword"}
2024-11-21T09:49:42.496Z [INFO]: API Request - Method: POST, URL: /api/auth/login, Body: {"email":"admin@example.com","password":"adminpassword"}
2024-11-21T09:50:09.414Z [INFO]: API Request - Method: GET, URL: /api/resource/12345, Body: {}
2024-11-21T09:54:37.910Z [INFO]: Sunucu kapatılıyor...
2024-11-21T09:54:45.253Z [INFO]: Sunucu 3000 portunda çalışıyor.
2024-11-21T09:54:45.278Z [INFO]: MongoDB bağlantısı başarılı!
2024-11-21T09:55:39.760Z [INFO]: API Request - Method: GET, URL: /api/vehicles/12345, Body: {}
2024-11-21T09:56:01.898Z [INFO]: API Request - Method: GET, URL: /api/vehicles/12345, Body: {}
2024-11-21T09:56:27.236Z [INFO]: API Request - Method: GET, URL: /api/vehicles/64d3f2bc5a6532aefa00f123, Body: {}
2024-11-21T09:57:58.973Z [INFO]: Sunucu kapatılıyor...
2024-11-21T09:58:03.994Z [INFO]: Sunucu 3000 portunda çalışıyor.
2024-11-21T09:58:04.029Z [INFO]: MongoDB bağlantısı başarılı!
2024-11-21T09:58:07.578Z [INFO]: API Request - Method: GET, URL: /api/vehicles/64d3f2bc5a6532aefa00f123, Body: {}
2024-11-21T09:58:07.591Z [ERROR]: Unhandled Rejection: next is not defined
2024-11-21T09:58:45.141Z [INFO]: Sunucu 3000 portunda çalışıyor.
2024-11-21T09:58:45.169Z [INFO]: MongoDB bağlantısı başarılı!
2024-11-21T09:58:48.440Z [INFO]: API Request - Method: GET, URL: /api/vehicles/64d3f2bc5a6532aefa00f123, Body: {}
2024-11-21T09:58:48.454Z [ERROR]: Unhandled Rejection: next is not defined
2024-11-21T10:14:55.887Z [INFO]: Sunucu 3000 portunda çalışıyor.
2024-11-21T10:14:55.912Z [INFO]: MongoDB bağlantısı başarılı!
2024-11-21T10:15:08.371Z [INFO]: API Request - Method: GET, URL: /api/vehicles12345, Body: {}
2024-11-21T10:15:14.653Z [INFO]: API Request - Method: GET, URL: /api/vehicles/12345, Body: {}
2024-11-21T10:16:16.216Z [INFO]: Sunucu 3000 portunda çalışıyor.
2024-11-21T10:16:16.252Z [INFO]: MongoDB bağlantısı başarılı!
2024-11-21T10:16:19.319Z [INFO]: API Request - Method: GET, URL: /api/vehicles/12345, Body: {}
2024-11-21T10:18:18.346Z [INFO]: Sunucu kapatılıyor...
2024-11-21T10:18:23.410Z [INFO]: Sunucu 3000 portunda çalışıyor.
2024-11-21T10:18:23.452Z [INFO]: MongoDB bağlantısı başarılı!
2024-11-21T10:18:33.712Z [INFO]: API Request - Method: GET, URL: /api/vehicles/12345, Body: {}
2024-11-21T10:19:03.014Z [INFO]: Sunucu kapatılıyor...
2024-11-21T10:19:07.097Z [INFO]: Sunucu 3000 portunda çalışıyor.
2024-11-21T10:19:07.139Z [INFO]: MongoDB bağlantısı başarılı!
2024-11-21T10:19:10.610Z [INFO]: API Request - Method: GET, URL: /api/vehicles/12345, Body: {}
2024-11-21T10:57:54.288Z [INFO]: Sunucu kapatılıyor...
2024-11-21T10:59:14.651Z [INFO]: Sunucu 3000 portunda çalışıyor.
2024-11-21T10:59:14.683Z [INFO]: MongoDB bağlantısı başarılı!
2024-11-21T11:01:54.283Z [INFO]: Sunucu kapatılıyor...
